<?xml version="1.0" encoding="UTF-8"?>
<testsuite xmlns:xsi="http://www.w3.org/2001/XMLSchema-instance" xsi:noNamespaceSchemaLocation="https://maven.apache.org/surefire/maven-surefire-plugin/xsd/surefire-test-report-3.0.xsd" version="3.0" name="org.lizheng59.NewDemoApplicationTests" time="2.858" tests="2" errors="0" skipped="0" failures="0">
  <properties>
[...]
</properties>
  <testcase name="postgresqlTest" classname="org.lizheng59.NewDemoApplicationTests" time="0.633">
    <system-out><![CDATA[16:57:51.722 [main] DEBUG org.springframework.test.context.BootstrapUtils - Instantiating CacheAwareContextLoaderDelegate from class [org.springframework.test.context.cache.DefaultCacheAwareContextLoaderDelegate]
16:57:51.727 [main] DEBUG org.springframework.test.context.BootstrapUtils - Instantiating BootstrapContext using constructor [public org.springframework.test.context.support.DefaultBootstrapContext(java.lang.Class,org.springframework.test.context.CacheAwareContextLoaderDelegate)]
16:57:51.747 [main] DEBUG org.springframework.test.context.BootstrapUtils - Instantiating TestContextBootstrapper for test class [org.lizheng59.NewDemoApplicationTests] from class [org.springframework.boot.test.context.SpringBootTestContextBootstrapper]
16:57:51.754 [main] INFO org.springframework.boot.test.context.SpringBootTestContextBootstrapper - Neither @ContextConfiguration nor @ContextHierarchy found for test class [org.lizheng59.NewDemoApplicationTests], using SpringBootContextLoader
16:57:51.756 [main] DEBUG org.springframework.test.context.support.AbstractContextLoader - Did not detect default resource location for test class [org.lizheng59.NewDemoApplicationTests]: class path resource [org/lizheng59/NewDemoApplicationTests-context.xml] does not exist
16:57:51.757 [main] DEBUG org.springframework.test.context.support.AbstractContextLoader - Did not detect default resource location for test class [org.lizheng59.NewDemoApplicationTests]: class path resource [org/lizheng59/NewDemoApplicationTestsContext.groovy] does not exist
16:57:51.757 [main] INFO org.springframework.test.context.support.AbstractContextLoader - Could not detect default resource locations for test class [org.lizheng59.NewDemoApplicationTests]: no resource found for suffixes {-context.xml, Context.groovy}.
16:57:51.757 [main] INFO org.springframework.test.context.support.AnnotationConfigContextLoaderUtils - Could not detect default configuration classes for test class [org.lizheng59.NewDemoApplicationTests]: NewDemoApplicationTests does not declare any static, non-private, non-final, nested classes annotated with @Configuration.
16:57:51.784 [main] DEBUG org.springframework.test.context.support.ActiveProfilesUtils - Could not find an 'annotation declaring class' for annotation type [org.springframework.test.context.ActiveProfiles] and class [org.lizheng59.NewDemoApplicationTests]
16:57:51.822 [main] DEBUG org.springframework.context.annotation.ClassPathScanningCandidateComponentProvider - Identified candidate component class: file [E:\work file\newDemo\newDemo\target\classes\org\lizheng59\NewDemoApplication.class]
16:57:51.823 [main] INFO org.springframework.boot.test.context.SpringBootTestContextBootstrapper - Found @SpringBootConfiguration org.lizheng59.NewDemoApplication for test class org.lizheng59.NewDemoApplicationTests
16:57:51.886 [main] DEBUG org.springframework.boot.test.context.SpringBootTestContextBootstrapper - @TestExecutionListeners is not present for class [org.lizheng59.NewDemoApplicationTests]: using defaults.
16:57:51.886 [main] INFO org.springframework.boot.test.context.SpringBootTestContextBootstrapper - Loaded default TestExecutionListener class names from location [META-INF/spring.factories]: [org.springframework.boot.test.mock.mockito.MockitoTestExecutionListener, org.springframework.boot.test.mock.mockito.ResetMocksTestExecutionListener, org.springframework.boot.test.autoconfigure.restdocs.RestDocsTestExecutionListener, org.springframework.boot.test.autoconfigure.web.client.MockRestServiceServerResetTestExecutionListener, org.springframework.boot.test.autoconfigure.web.servlet.MockMvcPrintOnlyOnFailureTestExecutionListener, org.springframework.boot.test.autoconfigure.web.servlet.WebDriverTestExecutionListener, org.springframework.boot.test.autoconfigure.webservices.client.MockWebServiceServerTestExecutionListener, org.springframework.test.context.web.ServletTestExecutionListener, org.springframework.test.context.support.DirtiesContextBeforeModesTestExecutionListener, org.springframework.test.context.event.ApplicationEventsTestExecutionListener, org.springframework.test.context.support.DependencyInjectionTestExecutionListener, org.springframework.test.context.support.DirtiesContextTestExecutionListener, org.springframework.test.context.transaction.TransactionalTestExecutionListener, org.springframework.test.context.jdbc.SqlScriptsTestExecutionListener, org.springframework.test.context.event.EventPublishingTestExecutionListener]
16:57:51.897 [main] INFO org.springframework.boot.test.context.SpringBootTestContextBootstrapper - Using TestExecutionListeners: [org.springframework.test.context.web.ServletTestExecutionListener@60d1a32f, org.springframework.test.context.support.DirtiesContextBeforeModesTestExecutionListener@531c311e, org.springframework.test.context.event.ApplicationEventsTestExecutionListener@22b53226, org.springframework.boot.test.mock.mockito.MockitoTestExecutionListener@1fcb4808, org.springframework.boot.test.autoconfigure.SpringBootDependencyInjectionTestExecutionListener@726e5805, org.springframework.test.context.support.DirtiesContextTestExecutionListener@40c80397, org.springframework.test.context.transaction.TransactionalTestExecutionListener@4b672daa, org.springframework.test.context.jdbc.SqlScriptsTestExecutionListener@ea9b7c6, org.springframework.test.context.event.EventPublishingTestExecutionListener@e077866, org.springframework.boot.test.mock.mockito.ResetMocksTestExecutionListener@ed3068a, org.springframework.boot.test.autoconfigure.restdocs.RestDocsTestExecutionListener@7c2b6087, org.springframework.boot.test.autoconfigure.web.client.MockRestServiceServerResetTestExecutionListener@3fffff43, org.springframework.boot.test.autoconfigure.web.servlet.MockMvcPrintOnlyOnFailureTestExecutionListener@a8e6492, org.springframework.boot.test.autoconfigure.web.servlet.WebDriverTestExecutionListener@1c7fd41f, org.springframework.boot.test.autoconfigure.webservices.client.MockWebServiceServerTestExecutionListener@3b77a04f]
16:57:51.900 [main] DEBUG org.springframework.test.context.support.AbstractDirtiesContextTestExecutionListener - Before test class: context [DefaultTestContext@58ebfd03 testClass = NewDemoApplicationTests, testInstance = [null], testMethod = [null], testException = [null], mergedContextConfiguration = [WebMergedContextConfiguration@5b07730f testClass = NewDemoApplicationTests, locations = '{}', classes = '{class org.lizheng59.NewDemoApplication}', contextInitializerClasses = '[]', activeProfiles = '{}', propertySourceLocations = '{}', propertySourceProperties = '{org.springframework.boot.test.context.SpringBootTestContextBootstrapper=true}', contextCustomizers = set[org.springframework.boot.test.context.filter.ExcludeFilterContextCustomizer@5a5338df, org.springframework.boot.test.json.DuplicateJsonObjectContextCustomizerFactory$DuplicateJsonObjectContextCustomizer@5082d622, org.springframework.boot.test.mock.mockito.MockitoContextCustomizer@0, org.springframework.boot.test.web.client.TestRestTemplateContextCustomizer@48793bef, org.springframework.boot.test.autoconfigure.actuate.metrics.MetricsExportContextCustomizerFactory$DisableMetricExportContextCustomizer@41294f8, org.springframework.boot.test.autoconfigure.properties.PropertyMappingContextCustomizer@0, org.springframework.boot.test.autoconfigure.web.servlet.WebDriverContextCustomizerFactory$Customizer@5454d35e, org.springframework.boot.test.context.SpringBootTestArgs@1, org.springframework.boot.test.context.SpringBootTestWebEnvironment@35d019a3], resourceBasePath = 'src/main/webapp', contextLoader = 'org.springframework.boot.test.context.SpringBootContextLoader', parent = [null]], attributes = map['org.springframework.test.context.web.ServletTestExecutionListener.activateListener' -> true]], class annotated with @DirtiesContext [false] with mode [null].

  .   ____          _            __ _ _
 /\\ / ___'_ __ _ _(_)_ __  __ _ \ \ \ \
( ( )\___ | '_ | '_| | '_ \/ _` | \ \ \ \
 \\/  ___)| |_)| | | | | || (_| |  ) ) ) )
  '  |____| .__|_| |_|_| |_\__, | / / / /
 =========|_|==============|___/=/_/_/_/
 :: Spring Boot ::               (v2.6.13)

2025-06-26 16:57:52.137  INFO 9576 --- [           main] org.lizheng59.NewDemoApplicationTests    : Starting NewDemoApplicationTests using Java 11.0.24 on PC-HZ20377865 with PID 9576 (started by lizheng59 in E:\work file\newDemo\newDemo)
2025-06-26 16:57:52.138  INFO 9576 --- [           main] org.lizheng59.NewDemoApplicationTests    : No active profile set, falling back to 1 default profile: "default"
 _ _   |_  _ _|_. ___ _ |    _ 
| | |\/|_)(_| | |_\  |_)||_|_\ 
     /               |         
                        3.4.3.1 
@org.lizheng59.newDemo.annotation.EnableServiceProxy(excludeMethods={}, enabled=true)
2025-06-26 16:57:53.457  INFO 9576 --- [           main] o.s.b.a.w.s.WelcomePageHandlerMapping    : Adding welcome page: class path resource [static/index.html]
2025-06-26 16:57:53.867  INFO 9576 --- [           main] org.lizheng59.NewDemoApplicationTests    : Started NewDemoApplicationTests in 1.942 seconds (JVM running for 2.567)
2025-06-26 16:57:54.252  INFO 9576 --- [           main] com.zaxxer.hikari.HikariDataSource       : HikariPool-1 - Starting...
2025-06-26 16:57:54.518  INFO 9576 --- [           main] com.zaxxer.hikari.HikariDataSource       : HikariPool-1 - Start completed.
记录总数：3
]]></system-out>
  </testcase>
  <testcase name="contextLoads" classname="org.lizheng59.NewDemoApplicationTests" time="0.003"/>
</testsuite>